>> Writing PID to /opt/sassbin/thin.3000.pid
>> Changing process privilege to www-data:www-data
>> Exiting!
/usr/local/rvm/rubies/ruby-2.0.0-p195/lib/ruby/gems/2.0.0/gems/bundler-1.3.5/lib/bundler/spec_set.rb:92:in `block in materialize': Could not find backports-3.3.1 in any of the sources (Bundler::GemNotFound)
	from /usr/local/rvm/rubies/ruby-2.0.0-p195/lib/ruby/gems/2.0.0/gems/bundler-1.3.5/lib/bundler/spec_set.rb:85:in `map!'
	from /usr/local/rvm/rubies/ruby-2.0.0-p195/lib/ruby/gems/2.0.0/gems/bundler-1.3.5/lib/bundler/spec_set.rb:85:in `materialize'
	from /usr/local/rvm/rubies/ruby-2.0.0-p195/lib/ruby/gems/2.0.0/gems/bundler-1.3.5/lib/bundler/definition.rb:114:in `specs'
	from /usr/local/rvm/rubies/ruby-2.0.0-p195/lib/ruby/gems/2.0.0/gems/bundler-1.3.5/lib/bundler/definition.rb:159:in `specs_for'
	from /usr/local/rvm/rubies/ruby-2.0.0-p195/lib/ruby/gems/2.0.0/gems/bundler-1.3.5/lib/bundler/definition.rb:148:in `requested_specs'
	from /usr/local/rvm/rubies/ruby-2.0.0-p195/lib/ruby/gems/2.0.0/gems/bundler-1.3.5/lib/bundler/environment.rb:18:in `requested_specs'
	from /usr/local/rvm/rubies/ruby-2.0.0-p195/lib/ruby/gems/2.0.0/gems/bundler-1.3.5/lib/bundler/runtime.rb:13:in `setup'
	from /usr/local/rvm/rubies/ruby-2.0.0-p195/lib/ruby/gems/2.0.0/gems/bundler-1.3.5/lib/bundler.rb:120:in `setup'
	from /usr/local/rvm/rubies/ruby-2.0.0-p195/lib/ruby/gems/2.0.0/gems/bundler-1.3.5/lib/bundler/setup.rb:17:in `<top (required)>'
	from /usr/local/rvm/rubies/ruby-2.0.0-p195/lib/ruby/site_ruby/2.0.0/rubygems/core_ext/kernel_require.rb:110:in `require'
	from /usr/local/rvm/rubies/ruby-2.0.0-p195/lib/ruby/site_ruby/2.0.0/rubygems/core_ext/kernel_require.rb:110:in `rescue in require'
	from /usr/local/rvm/rubies/ruby-2.0.0-p195/lib/ruby/site_ruby/2.0.0/rubygems/core_ext/kernel_require.rb:35:in `require'
	from /opt/sassbin/app.rb:3:in `<top (required)>'
	from /usr/local/rvm/rubies/ruby-2.0.0-p195/lib/ruby/site_ruby/2.0.0/rubygems/core_ext/kernel_require.rb:45:in `require'
	from /usr/local/rvm/rubies/ruby-2.0.0-p195/lib/ruby/site_ruby/2.0.0/rubygems/core_ext/kernel_require.rb:45:in `require'
	from /opt/sassbin/config.ru:1:in `block in <main>'
	from /usr/local/rvm/rubies/ruby-2.0.0-p195/lib/ruby/gems/2.0.0/gems/rack-1.5.2/lib/rack/builder.rb:55:in `instance_eval'
	from /usr/local/rvm/rubies/ruby-2.0.0-p195/lib/ruby/gems/2.0.0/gems/rack-1.5.2/lib/rack/builder.rb:55:in `initialize'
	from /opt/sassbin/config.ru:1:in `new'
	from /opt/sassbin/config.ru:1:in `<main>'
	from /usr/local/rvm/rubies/ruby-2.0.0-p195/lib/ruby/gems/2.0.0/gems/thin-1.5.1/lib/rack/adapter/loader.rb:33:in `eval'
	from /usr/local/rvm/rubies/ruby-2.0.0-p195/lib/ruby/gems/2.0.0/gems/thin-1.5.1/lib/rack/adapter/loader.rb:33:in `load'
	from /usr/local/rvm/rubies/ruby-2.0.0-p195/lib/ruby/gems/2.0.0/gems/thin-1.5.1/lib/thin/controllers/controller.rb:181:in `load_rackup_config'
	from /usr/local/rvm/rubies/ruby-2.0.0-p195/lib/ruby/gems/2.0.0/gems/thin-1.5.1/lib/thin/controllers/controller.rb:71:in `start'
	from /usr/local/rvm/rubies/ruby-2.0.0-p195/lib/ruby/gems/2.0.0/gems/thin-1.5.1/lib/thin/runner.rb:187:in `run_command'
	from /usr/local/rvm/rubies/ruby-2.0.0-p195/lib/ruby/gems/2.0.0/gems/thin-1.5.1/lib/thin/runner.rb:152:in `run!'
	from /usr/local/rvm/rubies/ruby-2.0.0-p195/lib/ruby/gems/2.0.0/gems/thin-1.5.1/bin/thin:6:in `<top (required)>'
	from /usr/local/rvm/gems/ruby-2.0.0-p195/bin/thin:23:in `load'
	from /usr/local/rvm/gems/ruby-2.0.0-p195/bin/thin:23:in `<main>'
	from /usr/local/rvm/gems/ruby-2.0.0-p195/bin/ruby_noexec_wrapper:14:in `eval'
	from /usr/local/rvm/gems/ruby-2.0.0-p195/bin/ruby_noexec_wrapper:14:in `<main>'
>> Writing PID to /opt/sassbin/thin.3000.pid
>> Changing process privilege to www-data:www-data
>> Thin web server (v1.5.1 codename Straight Razor)
>> Maximum connections set to 1024
>> Listening on 127.0.0.1:3000, CTRL+C to stop
>> Exiting!
/usr/local/rvm/rubies/ruby-2.0.0-p195/lib/ruby/gems/2.0.0/gems/thin-1.5.1/lib/thin/backends/tcp_server.rb:16:in `connect': cannot load such file -- thin/connection (LoadError)
	from /usr/local/rvm/rubies/ruby-2.0.0-p195/lib/ruby/gems/2.0.0/gems/thin-1.5.1/lib/thin/backends/base.rb:55:in `block in start'
	from /usr/local/rvm/rubies/ruby-2.0.0-p195/lib/ruby/gems/2.0.0/gems/eventmachine-1.0.3/lib/eventmachine.rb:187:in `call'
	from /usr/local/rvm/rubies/ruby-2.0.0-p195/lib/ruby/gems/2.0.0/gems/eventmachine-1.0.3/lib/eventmachine.rb:187:in `run_machine'
	from /usr/local/rvm/rubies/ruby-2.0.0-p195/lib/ruby/gems/2.0.0/gems/eventmachine-1.0.3/lib/eventmachine.rb:187:in `run'
	from /usr/local/rvm/rubies/ruby-2.0.0-p195/lib/ruby/gems/2.0.0/gems/thin-1.5.1/lib/thin/backends/base.rb:63:in `start'
	from /usr/local/rvm/rubies/ruby-2.0.0-p195/lib/ruby/gems/2.0.0/gems/thin-1.5.1/lib/thin/server.rb:159:in `start'
	from /usr/local/rvm/rubies/ruby-2.0.0-p195/lib/ruby/gems/2.0.0/gems/thin-1.5.1/lib/thin/controllers/controller.rb:86:in `start'
	from /usr/local/rvm/rubies/ruby-2.0.0-p195/lib/ruby/gems/2.0.0/gems/thin-1.5.1/lib/thin/runner.rb:187:in `run_command'
	from /usr/local/rvm/rubies/ruby-2.0.0-p195/lib/ruby/gems/2.0.0/gems/thin-1.5.1/lib/thin/runner.rb:152:in `run!'
	from /usr/local/rvm/rubies/ruby-2.0.0-p195/lib/ruby/gems/2.0.0/gems/thin-1.5.1/bin/thin:6:in `<top (required)>'
	from /usr/local/rvm/gems/ruby-2.0.0-p195/bin/thin:23:in `load'
	from /usr/local/rvm/gems/ruby-2.0.0-p195/bin/thin:23:in `<main>'
	from /usr/local/rvm/gems/ruby-2.0.0-p195/bin/ruby_noexec_wrapper:14:in `eval'
	from /usr/local/rvm/gems/ruby-2.0.0-p195/bin/ruby_noexec_wrapper:14:in `<main>'
>> Writing PID to /opt/sassbin/thin.3000.pid
>> Changing process privilege to www-data:www-data
>> Thin web server (v1.5.1 codename Straight Razor)
>> Maximum connections set to 1024
>> Listening on 127.0.0.1:3000, CTRL+C to stop
